<?xml version="1.0" encoding="UTF-8"?>
<testsuite xmlns:xsi="http://www.w3.org/2001/XMLSchema-instance" xsi:noNamespaceSchemaLocation="https://maven.apache.org/surefire/maven-surefire-plugin/xsd/surefire-test-report-3.0.xsd" version="3.0" name="com.example.demo.DemoApplicationTests" time="11.149" tests="1" errors="0" skipped="0" failures="0">
  <properties>
[...]
</properties>
  <testcase name="contextLoads" classname="com.example.demo.DemoApplicationTests" time="0.399">
    <system-out><![CDATA[23:39:29.490 [main] INFO org.springframework.test.context.support.AnnotationConfigContextLoaderUtils -- Could not detect default configuration classes for test class [com.example.demo.DemoApplicationTests]: DemoApplicationTests does not declare any static, non-private, non-final, nested classes annotated with @Configuration.
23:39:29.569 [main] INFO org.springframework.boot.test.context.SpringBootTestContextBootstrapper -- Found @SpringBootConfiguration com.example.demo.StarterWebApp for test class com.example.demo.DemoApplicationTests

  .   ____          _            __ _ _
 /\\ / ___'_ __ _ _(_)_ __  __ _ \ \ \ \
( ( )\___ | '_ | '_| | '_ \/ _` | \ \ \ \
 \\/  ___)| |_)| | | | | || (_| |  ) ) ) )
  '  |____| .__|_| |_|_| |_\__, | / / / /
 =========|_|==============|___/=/_/_/_/
 :: Spring Boot ::                (v3.1.0)

2024-06-20T23:39:29.915+03:00  INFO 11516 --- [           main] com.example.demo.DemoApplicationTests    : Starting DemoApplicationTests using Java 17.0.6 with PID 11516 (started by qwerq in C:\Users\qwerq\Documents\messages\forum)
2024-06-20T23:39:29.916+03:00  INFO 11516 --- [           main] com.example.demo.DemoApplicationTests    : No active profile set, falling back to 1 default profile: "default"
2024-06-20T23:39:30.553+03:00  INFO 11516 --- [           main] .s.d.r.c.RepositoryConfigurationDelegate : Bootstrapping Spring Data JPA repositories in DEFAULT mode.
2024-06-20T23:39:30.624+03:00  INFO 11516 --- [           main] .s.d.r.c.RepositoryConfigurationDelegate : Finished Spring Data repository scanning in 62 ms. Found 10 JPA repository interfaces.
2024-06-20T23:39:31.065+03:00  INFO 11516 --- [           main] com.zaxxer.hikari.HikariDataSource       : HikariPool-1 - Starting...
2024-06-20T23:39:32.072+03:00  INFO 11516 --- [           main] com.zaxxer.hikari.pool.HikariPool        : HikariPool-1 - Added connection com.mysql.cj.jdbc.ConnectionImpl@70d4f672
2024-06-20T23:39:32.074+03:00  INFO 11516 --- [           main] com.zaxxer.hikari.HikariDataSource       : HikariPool-1 - Start completed.
2024-06-20T23:39:32.845+03:00  INFO 11516 --- [           main] o.hibernate.jpa.internal.util.LogHelper  : HHH000204: Processing PersistenceUnitInfo [name: default]
2024-06-20T23:39:32.900+03:00  INFO 11516 --- [           main] org.hibernate.Version                    : HHH000412: Hibernate ORM core version 6.2.2.Final
2024-06-20T23:39:32.902+03:00  INFO 11516 --- [           main] org.hibernate.cfg.Environment            : HHH000406: Using bytecode reflection optimizer
2024-06-20T23:39:33.040+03:00  INFO 11516 --- [           main] o.h.b.i.BytecodeProviderInitiator        : HHH000021: Bytecode provider name : bytebuddy
2024-06-20T23:39:33.168+03:00  INFO 11516 --- [           main] o.s.o.j.p.SpringPersistenceUnitInfo      : No LoadTimeWeaver setup: ignoring JPA class transformer
2024-06-20T23:39:33.419+03:00  INFO 11516 --- [           main] org.hibernate.orm.dialect                : HHH035001: Using dialect: org.hibernate.dialect.MySQLDialect, version: 8.0
2024-06-20T23:39:33.667+03:00  INFO 11516 --- [           main] o.h.b.i.BytecodeProviderInitiator        : HHH000021: Bytecode provider name : bytebuddy
2024-06-20T23:39:34.322+03:00  INFO 11516 --- [           main] o.h.e.t.j.p.i.JtaPlatformInitiator       : HHH000490: Using JtaPlatform implementation: [org.hibernate.engine.transaction.jta.platform.internal.NoJtaPlatform]
2024-06-20T23:39:38.209+03:00  INFO 11516 --- [           main] j.LocalContainerEntityManagerFactoryBean : Initialized JPA EntityManagerFactory for persistence unit 'default'
2024-06-20T23:39:38.541+03:00  INFO 11516 --- [           main] o.s.d.j.r.query.QueryEnhancerFactory     : Hibernate is in classpath; If applicable, HQL parser will be used.
2024-06-20T23:39:39.267+03:00  WARN 11516 --- [           main] JpaBaseConfiguration$JpaWebConfiguration : spring.jpa.open-in-view is enabled by default. Therefore, database queries may be performed during view rendering. Explicitly configure spring.jpa.open-in-view to disable this warning
2024-06-20T23:39:39.563+03:00  INFO 11516 --- [           main] o.s.s.web.DefaultSecurityFilterChain     : Will secure any request with [org.springframework.security.web.session.DisableEncodeUrlFilter@3e1596c3, org.springframework.security.web.context.request.async.WebAsyncManagerIntegrationFilter@5ae68d0e, org.springframework.security.web.context.SecurityContextHolderFilter@509cf379, org.springframework.security.web.header.HeaderWriterFilter@439b893a, org.springframework.security.web.authentication.logout.LogoutFilter@2bd24c09, org.springframework.security.web.authentication.UsernamePasswordAuthenticationFilter@500341c4, org.springframework.security.web.savedrequest.RequestCacheAwareFilter@60877629, org.springframework.security.web.servletapi.SecurityContextHolderAwareRequestFilter@7e86ff3b, org.springframework.security.web.authentication.AnonymousAuthenticationFilter@252d690, org.springframework.security.web.access.ExceptionTranslationFilter@78fb4f7f, org.springframework.security.web.access.intercept.AuthorizationFilter@5b95a754]
2024-06-20T23:39:40.092+03:00  INFO 11516 --- [           main] o.s.m.s.b.SimpleBrokerMessageHandler     : Starting...
2024-06-20T23:39:40.094+03:00  INFO 11516 --- [           main] o.s.m.s.b.SimpleBrokerMessageHandler     : BrokerAvailabilityEvent[available=true, SimpleBrokerMessageHandler [org.springframework.messaging.simp.broker.DefaultSubscriptionRegistry@29701f1f]]
2024-06-20T23:39:40.094+03:00  INFO 11516 --- [           main] o.s.m.s.b.SimpleBrokerMessageHandler     : Started.
2024-06-20T23:39:40.101+03:00  INFO 11516 --- [           main] com.example.demo.DemoApplicationTests    : Started DemoApplicationTests in 10.399 seconds (process running for 11.155)
]]></system-out>
  </testcase>
</testsuite>